d:\dropbox\projects\c++\lunkybox\lunkyboxgog\debug\vc140.pdb
d:\dropbox\projects\c++\lunkybox\lunkyboxgog\debug\vc140.idb
d:\dropbox\projects\c++\lunkybox\lunkyboxgog\debug\config.obj
d:\dropbox\projects\c++\lunkybox\lunkyboxgog\debug\d3d9.obj
d:\dropbox\projects\c++\lunkybox\lunkyboxgog\debug\drawing.obj
d:\dropbox\projects\c++\lunkybox\lunkyboxgog\debug\input.obj
d:\dropbox\projects\c++\lunkybox\lunkyboxgog\debug\keystate.obj
d:\dropbox\projects\c++\lunkybox\lunkyboxgog\debug\main.obj
d:\dropbox\projects\c++\lunkybox\lunkyboxgog\debug\module.obj
d:\dropbox\projects\c++\lunkybox\lunkyboxgog\debug\boolmenuitem.obj
d:\dropbox\projects\c++\lunkybox\lunkyboxgog\debug\intmenuitem.obj
d:\dropbox\projects\c++\lunkybox\lunkyboxgog\debug\menu.obj
d:\dropbox\projects\c++\lunkybox\lunkyboxgog\debug\menuitem.obj
d:\dropbox\projects\c++\lunkybox\lunkyboxgog\debug\mod.obj
d:\dropbox\projects\c++\lunkybox\lunkyboxgog\debug\entity.obj
d:\dropbox\projects\c++\lunkybox\lunkyboxgog\debug\entity_class.obj
d:\dropbox\projects\c++\lunkybox\lunkyboxgog\debug\item_class.obj
d:\dropbox\projects\c++\lunkybox\lunkyboxgog\debug\player.obj
d:\dropbox\projects\c++\lunkybox\lunkyboxgog\debug\spelunky.obj
d:\dropbox\projects\c++\lunkybox\lunkyboxgog\debug\vector2.obj
d:\dropbox\projects\c++\lunkybox\lunkyboxgog\debug\window.obj
d:\dropbox\projects\c++\lunkybox\debug\lunkyboxgog.ilk
d:\dropbox\projects\c++\lunkybox\debug\lunkyboxgog.dll
d:\dropbox\projects\c++\lunkybox\debug\lunkyboxgog.pdb
d:\dropbox\projects\c++\lunkybox\lunkyboxgog\debug\lunkyboxgog.tlog\cl.command.1.tlog
d:\dropbox\projects\c++\lunkybox\lunkyboxgog\debug\lunkyboxgog.tlog\cl.read.1.tlog
d:\dropbox\projects\c++\lunkybox\lunkyboxgog\debug\lunkyboxgog.tlog\cl.write.1.tlog
d:\dropbox\projects\c++\lunkybox\lunkyboxgog\debug\lunkyboxgog.tlog\link.command.1.tlog
d:\dropbox\projects\c++\lunkybox\lunkyboxgog\debug\lunkyboxgog.tlog\link.read.1.tlog
d:\dropbox\projects\c++\lunkybox\lunkyboxgog\debug\lunkyboxgog.tlog\link.write.1.tlog
