d:\dropbox\projects\c++\lunkybox\lunkybox\debug\vc140.pdb
d:\dropbox\projects\c++\lunkybox\lunkybox\debug\vc140.idb
d:\dropbox\projects\c++\lunkybox\lunkybox\debug\config.obj
d:\dropbox\projects\c++\lunkybox\lunkybox\debug\module.obj
d:\dropbox\projects\c++\lunkybox\lunkybox\debug\boolmenuitem.obj
d:\dropbox\projects\c++\lunkybox\lunkybox\debug\d3d9.obj
d:\dropbox\projects\c++\lunkybox\lunkybox\debug\drawing.obj
d:\dropbox\projects\c++\lunkybox\lunkybox\debug\entity.obj
d:\dropbox\projects\c++\lunkybox\lunkybox\debug\entity_class.obj
d:\dropbox\projects\c++\lunkybox\lunkybox\debug\input.obj
d:\dropbox\projects\c++\lunkybox\lunkybox\debug\intmenuitem.obj
d:\dropbox\projects\c++\lunkybox\lunkybox\debug\item_class.obj
d:\dropbox\projects\c++\lunkybox\lunkybox\debug\keystate.obj
d:\dropbox\projects\c++\lunkybox\lunkybox\debug\main.obj
d:\dropbox\projects\c++\lunkybox\lunkybox\debug\memory.obj
d:\dropbox\projects\c++\lunkybox\lunkybox\debug\menu.obj
d:\dropbox\projects\c++\lunkybox\lunkybox\debug\menuitem.obj
d:\dropbox\projects\c++\lunkybox\lunkybox\debug\mod.obj
d:\dropbox\projects\c++\lunkybox\lunkybox\debug\player.obj
d:\dropbox\projects\c++\lunkybox\lunkybox\debug\spelunky.obj
d:\dropbox\projects\c++\lunkybox\lunkybox\debug\vector2.obj
d:\dropbox\projects\c++\lunkybox\lunkybox\debug\window.obj
d:\dropbox\projects\c++\lunkybox\debug\lunkybox.ilk
d:\dropbox\projects\c++\lunkybox\debug\lunkybox.dll
d:\dropbox\projects\c++\lunkybox\debug\lunkybox.pdb
d:\dropbox\projects\c++\lunkybox\lunkybox\debug\lunkybox.tlog\cl.command.1.tlog
d:\dropbox\projects\c++\lunkybox\lunkybox\debug\lunkybox.tlog\cl.read.1.tlog
d:\dropbox\projects\c++\lunkybox\lunkybox\debug\lunkybox.tlog\cl.write.1.tlog
d:\dropbox\projects\c++\lunkybox\lunkybox\debug\lunkybox.tlog\link.command.1.tlog
d:\dropbox\projects\c++\lunkybox\lunkybox\debug\lunkybox.tlog\link.read.1.tlog
d:\dropbox\projects\c++\lunkybox\lunkybox\debug\lunkybox.tlog\link.write.1.tlog
