d:\dropbox\projects\c++\lunkybox\lunkybox\release\vc140.pdb
d:\dropbox\projects\c++\lunkybox\lunkybox\release\vector2.obj
d:\dropbox\projects\c++\lunkybox\lunkybox\release\player.obj
d:\dropbox\projects\c++\lunkybox\lunkybox\release\menuitem.obj
d:\dropbox\projects\c++\lunkybox\lunkybox\release\menu.obj
d:\dropbox\projects\c++\lunkybox\lunkybox\release\memory.obj
d:\dropbox\projects\c++\lunkybox\lunkybox\release\main.obj
d:\dropbox\projects\c++\lunkybox\lunkybox\release\keystate.obj
d:\dropbox\projects\c++\lunkybox\lunkybox\release\item_class.obj
d:\dropbox\projects\c++\lunkybox\lunkybox\release\input.obj
d:\dropbox\projects\c++\lunkybox\lunkybox\release\entity_class.obj
d:\dropbox\projects\c++\lunkybox\lunkybox\release\entity.obj
d:\dropbox\projects\c++\lunkybox\lunkybox\release\drawing.obj
d:\dropbox\projects\c++\lunkybox\lunkybox\release\d3d9.obj
d:\dropbox\projects\c++\lunkybox\lunkybox\release\boolmenuitem.obj
d:\dropbox\projects\c++\lunkybox\lunkybox\release\intmenuitem.obj
d:\dropbox\projects\c++\lunkybox\lunkybox\release\window.obj
d:\dropbox\projects\c++\lunkybox\lunkybox\release\spelunky.obj
d:\dropbox\projects\c++\lunkybox\lunkybox\release\mod.obj
d:\dropbox\projects\c++\lunkybox\lunkybox\release\config.obj
d:\dropbox\projects\c++\lunkybox\lunkybox\release\module.obj
d:\dropbox\projects\c++\lunkybox\release\lunkybox.dll
d:\dropbox\projects\c++\lunkybox\release\lunkybox.ipdb
d:\dropbox\projects\c++\lunkybox\release\lunkybox.iobj
d:\dropbox\projects\c++\lunkybox\release\lunkybox.pdb
d:\dropbox\projects\c++\lunkybox\lunkybox\release\lunkybox.tlog\cl.command.1.tlog
d:\dropbox\projects\c++\lunkybox\lunkybox\release\lunkybox.tlog\cl.read.1.tlog
d:\dropbox\projects\c++\lunkybox\lunkybox\release\lunkybox.tlog\cl.write.1.tlog
d:\dropbox\projects\c++\lunkybox\lunkybox\release\lunkybox.tlog\link.command.1.tlog
d:\dropbox\projects\c++\lunkybox\lunkybox\release\lunkybox.tlog\link.read.1.tlog
d:\dropbox\projects\c++\lunkybox\lunkybox\release\lunkybox.tlog\link.write.1.tlog
