d:\dropbox\projects\c++\lunkybox\lunkyboxgog\release\vc140.pdb
d:\dropbox\projects\c++\lunkybox\lunkyboxgog\release\window.obj
d:\dropbox\projects\c++\lunkybox\lunkyboxgog\release\vector2.obj
d:\dropbox\projects\c++\lunkybox\lunkyboxgog\release\spelunky.obj
d:\dropbox\projects\c++\lunkybox\lunkyboxgog\release\player.obj
d:\dropbox\projects\c++\lunkybox\lunkyboxgog\release\item_class.obj
d:\dropbox\projects\c++\lunkybox\lunkyboxgog\release\entity_class.obj
d:\dropbox\projects\c++\lunkybox\lunkyboxgog\release\entity.obj
d:\dropbox\projects\c++\lunkybox\lunkyboxgog\release\mod.obj
d:\dropbox\projects\c++\lunkybox\lunkyboxgog\release\menuitem.obj
d:\dropbox\projects\c++\lunkybox\lunkyboxgog\release\menu.obj
d:\dropbox\projects\c++\lunkybox\lunkyboxgog\release\intmenuitem.obj
d:\dropbox\projects\c++\lunkybox\lunkyboxgog\release\boolmenuitem.obj
d:\dropbox\projects\c++\lunkybox\lunkyboxgog\release\module.obj
d:\dropbox\projects\c++\lunkybox\lunkyboxgog\release\main.obj
d:\dropbox\projects\c++\lunkybox\lunkyboxgog\release\keystate.obj
d:\dropbox\projects\c++\lunkybox\lunkyboxgog\release\input.obj
d:\dropbox\projects\c++\lunkybox\lunkyboxgog\release\drawing.obj
d:\dropbox\projects\c++\lunkybox\lunkyboxgog\release\d3d9.obj
d:\dropbox\projects\c++\lunkybox\lunkyboxgog\release\config.obj
d:\dropbox\projects\c++\lunkybox\release\lunkyboxgog.dll
d:\dropbox\projects\c++\lunkybox\release\lunkyboxgog.ipdb
d:\dropbox\projects\c++\lunkybox\release\lunkyboxgog.iobj
d:\dropbox\projects\c++\lunkybox\release\lunkyboxgog.pdb
d:\dropbox\projects\c++\lunkybox\lunkyboxgog\release\lunkyboxgog.tlog\cl.command.1.tlog
d:\dropbox\projects\c++\lunkybox\lunkyboxgog\release\lunkyboxgog.tlog\cl.read.1.tlog
d:\dropbox\projects\c++\lunkybox\lunkyboxgog\release\lunkyboxgog.tlog\cl.write.1.tlog
d:\dropbox\projects\c++\lunkybox\lunkyboxgog\release\lunkyboxgog.tlog\link.command.1.tlog
d:\dropbox\projects\c++\lunkybox\lunkyboxgog\release\lunkyboxgog.tlog\link.read.1.tlog
d:\dropbox\projects\c++\lunkybox\lunkyboxgog\release\lunkyboxgog.tlog\link.write.1.tlog
